# JRE version: OpenJDK Runtime Environment (16.0.2+7) (build 16.0.2+7-67)
# Java VM: OpenJDK 64-Bit Server VM (16.0.2+7-67, mixed mode, tiered, compressed oops, compressed class ptrs, g1 gc, windows-amd64)
GC Precious Log:
 CPUs: 8 total, 8 available
 Memory: 7977M
 Large Page Support: Disabled
 NUMA Support: Disabled
 Compressed Oops: Enabled (32-bit)
 Heap Region Size: 1M
 Heap Min Capacity: 8M
 Heap Initial Capacity: 126M
 Heap Max Capacity: 1996M
 Pre-touch: Disabled
 Parallel Workers: 8
 Concurrent Workers: 2
 Concurrent Refinement Workers: 8
 Periodic GC: Disabled
Heap:
 garbage-first heap   total 81920K, used 54282K [0x0000000083400000, 0x0000000100000000)
  region size 1024K, 27 young (27648K), 5 survivors (5120K)
 Metaspace       used 74086K, committed 74624K, reserved 1122304K
  class space    used 8928K, committed 9152K, reserved 1048576K
GC Heap History (20 events):
Event: 65.037 GC heap after
{Heap after GC invocations=29 (full 1):
 garbage-first heap   total 81920K, used 26538K [0x0000000083400000, 0x0000000100000000)
  region size 1024K, 5 young (5120K), 5 survivors (5120K)
 Metaspace       used 67201K, committed 67648K, reserved 1114112K
  class space    used 8284K, committed 8512K, reserved 1048576K
}
Event: 68.759 GC heap before
{Heap before GC invocations=29 (full 1):
 garbage-first heap   total 81920K, used 63402K [0x0000000083400000, 0x0000000100000000)
  region size 1024K, 42 young (43008K), 5 survivors (5120K)
 Metaspace       used 71049K, committed 71488K, reserved 1114112K
  class space    used 8723K, committed 8896K, reserved 1048576K
}
Event: 68.765 GC heap after
{Heap after GC invocations=30 (full 1):
 garbage-first heap   total 81920K, used 27697K [0x0000000083400000, 0x0000000100000000)
  region size 1024K, 4 young (4096K), 4 survivors (4096K)
 Metaspace       used 71049K, committed 71488K, reserved 1114112K
  class space    used 8723K, committed 8896K, reserved 1048576K
}
Event: 150.563 GC heap before
{Heap before GC invocations=30 (full 1):
 garbage-first heap   total 81920K, used 41009K [0x0000000083400000, 0x0000000100000000)
  region size 1024K, 18 young (18432K), 4 survivors (4096K)
 Metaspace       used 71730K, committed 72192K, reserved 1114112K
  class space    used 8803K, committed 9024K, reserved 1048576K
}
Event: 150.607 GC heap after
{Heap after GC invocations=31 (full 2):
 garbage-first heap   total 81920K, used 23974K [0x0000000083400000, 0x0000000100000000)
  region size 1024K, 0 young (0K), 0 survivors (0K)
 Metaspace       used 71714K, committed 72192K, reserved 1114112K
  class space    used 8801K, committed 9024K, reserved 1048576K
}
Event: 151.135 GC heap before
{Heap before GC invocations=31 (full 2):
 garbage-first heap   total 81920K, used 63910K [0x0000000083400000, 0x0000000100000000)
  region size 1024K, 40 young (40960K), 0 survivors (0K)
 Metaspace       used 71966K, committed 72448K, reserved 1114112K
  class space    used 8819K, committed 9024K, reserved 1048576K
}
Event: 151.138 GC heap after
{Heap after GC invocations=32 (full 2):
 garbage-first heap   total 81920K, used 26771K [0x0000000083400000, 0x0000000100000000)
  region size 1024K, 3 young (3072K), 3 survivors (3072K)
 Metaspace       used 71966K, committed 72448K, reserved 1114112K
  class space    used 8819K, committed 9024K, reserved 1048576K
}
Event: 151.195 GC heap before
{Heap before GC invocations=32 (full 2):
 garbage-first heap   total 81920K, used 63635K [0x0000000083400000, 0x0000000100000000)
  region size 1024K, 40 young (40960K), 3 survivors (3072K)
 Metaspace       used 71995K, committed 72448K, reserved 1114112K
  class space    used 8819K, committed 9024K, reserved 1048576K
}
Event: 151.197 GC heap after
{Heap after GC invocations=33 (full 2):
 garbage-first heap   total 81920K, used 26786K [0x0000000083400000, 0x0000000100000000)
  region size 1024K, 3 young (3072K), 3 survivors (3072K)
 Metaspace       used 71995K, committed 72448K, reserved 1114112K
  class space    used 8819K, committed 9024K, reserved 1048576K
}
Event: 151.859 GC heap before
{Heap before GC invocations=33 (full 2):
 garbage-first heap   total 81920K, used 65698K [0x0000000083400000, 0x0000000100000000)
  region size 1024K, 41 young (41984K), 3 survivors (3072K)
 Metaspace       used 72737K, committed 73216K, reserved 1114112K
  class space    used 8848K, committed 9088K, reserved 1048576K
}
Event: 151.863 GC heap after
{Heap after GC invocations=34 (full 2):
 garbage-first heap   total 81920K, used 29224K [0x0000000083400000, 0x0000000100000000)
  region size 1024K, 6 young (6144K), 6 survivors (6144K)
 Metaspace       used 72737K, committed 73216K, reserved 1114112K
  class space    used 8848K, committed 9088K, reserved 1048576K
}
Event: 181.541 GC heap before
{Heap before GC invocations=34 (full 2):
 garbage-first heap   total 81920K, used 39464K [0x0000000083400000, 0x0000000100000000)
  region size 1024K, 17 young (17408K), 6 survivors (6144K)
 Metaspace       used 72838K, committed 73280K, reserved 1114112K
  class space    used 8851K, committed 9088K, reserved 1048576K
}
Event: 181.583 GC heap after
{Heap after GC invocations=35 (full 3):
 garbage-first heap   total 81920K, used 27318K [0x0000000083400000, 0x0000000100000000)
  region size 1024K, 0 young (0K), 0 survivors (0K)
 Metaspace       used 72825K, committed 73280K, reserved 1114112K
  class space    used 8849K, committed 9088K, reserved 1048576K
}
Event: 182.132 GC heap before
{Heap before GC invocations=35 (full 3):
 garbage-first heap   total 81920K, used 65206K [0x0000000083400000, 0x0000000100000000)
  region size 1024K, 38 young (38912K), 0 survivors (0K)
 Metaspace       used 73045K, committed 73536K, reserved 1114112K
  class space    used 8873K, committed 9088K, reserved 1048576K
}
Event: 182.136 GC heap after
{Heap after GC invocations=36 (full 3):
 garbage-first heap   total 81920K, used 30256K [0x0000000083400000, 0x0000000100000000)
  region size 1024K, 3 young (3072K), 3 survivors (3072K)
 Metaspace       used 73045K, committed 73536K, reserved 1114112K
  class space    used 8873K, committed 9088K, reserved 1048576K
}
Event: 182.159 GC heap before
{Heap before GC invocations=36 (full 3):
 garbage-first heap   total 81920K, used 65072K [0x0000000083400000, 0x0000000100000000)
  region size 1024K, 38 young (38912K), 3 survivors (3072K)
 Metaspace       used 73051K, committed 73536K, reserved 1114112K
  class space    used 8873K, committed 9088K, reserved 1048576K
}
Event: 182.161 GC heap after
{Heap after GC invocations=37 (full 3):
 garbage-first heap   total 81920K, used 30057K [0x0000000083400000, 0x0000000100000000)
  region size 1024K, 3 young (3072K), 3 survivors (3072K)
 Metaspace       used 73051K, committed 73536K, reserved 1114112K
  class space    used 8873K, committed 9088K, reserved 1048576K
}
Event: 182.861 GC heap before
{Heap before GC invocations=37 (full 3):
 garbage-first heap   total 81920K, used 66921K [0x0000000083400000, 0x0000000100000000)
  region size 1024K, 39 young (39936K), 3 survivors (3072K)
 Metaspace       used 73824K, committed 74304K, reserved 1114112K
  class space    used 8921K, committed 9152K, reserved 1048576K
}
Event: 182.865 GC heap after
{Heap after GC invocations=38 (full 3):
 garbage-first heap   total 81920K, used 32253K [0x0000000083400000, 0x0000000100000000)
  region size 1024K, 5 young (5120K), 5 survivors (5120K)
 Metaspace       used 73824K, committed 74304K, reserved 1114112K
  class space    used 8921K, committed 9152K, reserved 1048576K
}
Event: 277.784 GC heap before
{Heap before GC invocations=38 (full 3):
 garbage-first heap   total 81920K, used 53757K [0x0000000083400000, 0x0000000100000000)
  region size 1024K, 27 young (27648K), 5 survivors (5120K)
 Metaspace       used 74086K, committed 74624K, reserved 1122304K
  class space    used 8928K, committed 9152K, reserved 1048576K
}

