# JRE version: OpenJDK Runtime Environment (16.0.2+7) (build 16.0.2+7-67)
# Java VM: OpenJDK 64-Bit Server VM (16.0.2+7-67, mixed mode, tiered, compressed oops, compressed class ptrs, g1 gc, windows-amd64)
GC Precious Log:
 CPUs: 8 total, 8 available
 Memory: 7977M
 Large Page Support: Disabled
 NUMA Support: Disabled
 Compressed Oops: Enabled (32-bit)
 Heap Region Size: 1M
 Heap Min Capacity: 8M
 Heap Initial Capacity: 126M
 Heap Max Capacity: 1996M
 Pre-touch: Disabled
 Parallel Workers: 8
 Concurrent Workers: 2
 Concurrent Refinement Workers: 8
 Periodic GC: Disabled
Heap:
 garbage-first heap   total 78848K, used 36388K [0x0000000083400000, 0x0000000100000000)
  region size 1024K, 8 young (8192K), 4 survivors (4096K)
 Metaspace       used 71890K, committed 72384K, reserved 1114112K
  class space    used 8682K, committed 8896K, reserved 1048576K
GC Heap History (20 events):
Event: 176.137 GC heap before
{Heap before GC invocations=33 (full 1):
 garbage-first heap   total 78848K, used 51585K [0x0000000083400000, 0x0000000100000000)
  region size 1024K, 28 young (28672K), 3 survivors (3072K)
 Metaspace       used 69582K, committed 70016K, reserved 1114112K
  class space    used 8557K, committed 8768K, reserved 1048576K
}
Event: 176.177 GC heap after
{Heap after GC invocations=34 (full 2):
 garbage-first heap   total 78848K, used 25873K [0x0000000083400000, 0x0000000100000000)
  region size 1024K, 0 young (0K), 0 survivors (0K)
 Metaspace       used 69569K, committed 70016K, reserved 1114112K
  class space    used 8554K, committed 8768K, reserved 1048576K
}
Event: 176.883 GC heap before
{Heap before GC invocations=34 (full 2):
 garbage-first heap   total 78848K, used 59665K [0x0000000083400000, 0x0000000100000000)
  region size 1024K, 34 young (34816K), 0 survivors (0K)
 Metaspace       used 69848K, committed 70272K, reserved 1114112K
  class space    used 8572K, committed 8768K, reserved 1048576K
}
Event: 176.886 GC heap after
{Heap after GC invocations=35 (full 2):
 garbage-first heap   total 78848K, used 28490K [0x0000000083400000, 0x0000000100000000)
  region size 1024K, 3 young (3072K), 3 survivors (3072K)
 Metaspace       used 69848K, committed 70272K, reserved 1114112K
  class space    used 8572K, committed 8768K, reserved 1048576K
}
Event: 176.892 GC heap before
{Heap before GC invocations=35 (full 2):
 garbage-first heap   total 78848K, used 59210K [0x0000000083400000, 0x0000000100000000)
  region size 1024K, 34 young (34816K), 3 survivors (3072K)
 Metaspace       used 69848K, committed 70272K, reserved 1114112K
  class space    used 8572K, committed 8768K, reserved 1048576K
}
Event: 176.894 GC heap after
{Heap after GC invocations=36 (full 2):
 garbage-first heap   total 78848K, used 28552K [0x0000000083400000, 0x0000000100000000)
  region size 1024K, 3 young (3072K), 3 survivors (3072K)
 Metaspace       used 69848K, committed 70272K, reserved 1114112K
  class space    used 8572K, committed 8768K, reserved 1048576K
}
Event: 177.447 GC heap before
{Heap before GC invocations=36 (full 2):
 garbage-first heap   total 78848K, used 60296K [0x0000000083400000, 0x0000000100000000)
  region size 1024K, 35 young (35840K), 3 survivors (3072K)
 Metaspace       used 70369K, committed 70848K, reserved 1114112K
  class space    used 8593K, committed 8768K, reserved 1048576K
}
Event: 177.449 GC heap after
{Heap after GC invocations=37 (full 2):
 garbage-first heap   total 78848K, used 29929K [0x0000000083400000, 0x0000000100000000)
  region size 1024K, 4 young (4096K), 4 survivors (4096K)
 Metaspace       used 70369K, committed 70848K, reserved 1114112K
  class space    used 8593K, committed 8768K, reserved 1048576K
}
Event: 266.168 GC heap before
{Heap before GC invocations=37 (full 2):
 garbage-first heap   total 78848K, used 61673K [0x0000000083400000, 0x0000000100000000)
  region size 1024K, 35 young (35840K), 4 survivors (4096K)
 Metaspace       used 70749K, committed 71232K, reserved 1114112K
  class space    used 8606K, committed 8832K, reserved 1048576K
}
Event: 266.178 GC heap after
{Heap after GC invocations=38 (full 2):
 garbage-first heap   total 78848K, used 31206K [0x0000000083400000, 0x0000000100000000)
  region size 1024K, 4 young (4096K), 4 survivors (4096K)
 Metaspace       used 70749K, committed 71232K, reserved 1114112K
  class space    used 8606K, committed 8832K, reserved 1048576K
}
Event: 274.366 GC heap before
{Heap before GC invocations=38 (full 2):
 garbage-first heap   total 78848K, used 33254K [0x0000000083400000, 0x0000000100000000)
  region size 1024K, 7 young (7168K), 4 survivors (4096K)
 Metaspace       used 70754K, committed 71232K, reserved 1114112K
  class space    used 8607K, committed 8832K, reserved 1048576K
}
Event: 274.408 GC heap after
{Heap after GC invocations=39 (full 3):
 garbage-first heap   total 78848K, used 29180K [0x0000000083400000, 0x0000000100000000)
  region size 1024K, 0 young (0K), 0 survivors (0K)
 Metaspace       used 70741K, committed 71232K, reserved 1114112K
  class space    used 8605K, committed 8832K, reserved 1048576K
}
Event: 274.907 GC heap before
{Heap before GC invocations=39 (full 3):
 garbage-first heap   total 78848K, used 62972K [0x0000000083400000, 0x0000000100000000)
  region size 1024K, 33 young (33792K), 0 survivors (0K)
 Metaspace       used 70959K, committed 71424K, reserved 1114112K
  class space    used 8628K, committed 8832K, reserved 1048576K
}
Event: 274.909 GC heap after
{Heap after GC invocations=40 (full 3):
 garbage-first heap   total 78848K, used 31869K [0x0000000083400000, 0x0000000100000000)
  region size 1024K, 3 young (3072K), 3 survivors (3072K)
 Metaspace       used 70959K, committed 71424K, reserved 1114112K
  class space    used 8628K, committed 8832K, reserved 1048576K
}
Event: 274.914 GC heap before
{Heap before GC invocations=40 (full 3):
 garbage-first heap   total 78848K, used 61565K [0x0000000083400000, 0x0000000100000000)
  region size 1024K, 33 young (33792K), 3 survivors (3072K)
 Metaspace       used 70959K, committed 71424K, reserved 1114112K
  class space    used 8628K, committed 8832K, reserved 1048576K
}
Event: 274.916 GC heap after
{Heap after GC invocations=41 (full 3):
 garbage-first heap   total 78848K, used 31843K [0x0000000083400000, 0x0000000100000000)
  region size 1024K, 3 young (3072K), 3 survivors (3072K)
 Metaspace       used 70959K, committed 71424K, reserved 1114112K
  class space    used 8628K, committed 8832K, reserved 1048576K
}
Event: 275.385 GC heap before
{Heap before GC invocations=41 (full 3):
 garbage-first heap   total 78848K, used 62563K [0x0000000083400000, 0x0000000100000000)
  region size 1024K, 34 young (34816K), 3 survivors (3072K)
 Metaspace       used 71422K, committed 71936K, reserved 1114112K
  class space    used 8660K, committed 8896K, reserved 1048576K
}
Event: 275.388 GC heap after
{Heap after GC invocations=42 (full 3):
 garbage-first heap   total 78848K, used 33139K [0x0000000083400000, 0x0000000100000000)
  region size 1024K, 4 young (4096K), 4 survivors (4096K)
 Metaspace       used 71422K, committed 71936K, reserved 1114112K
  class space    used 8660K, committed 8896K, reserved 1048576K
}
Event: 307.183 GC heap before
{Heap before GC invocations=42 (full 3):
 garbage-first heap   total 78848K, used 63859K [0x0000000083400000, 0x0000000100000000)
  region size 1024K, 34 young (34816K), 4 survivors (4096K)
 Metaspace       used 71860K, committed 72384K, reserved 1114112K
  class space    used 8681K, committed 8896K, reserved 1048576K
}
Event: 307.187 GC heap after
{Heap after GC invocations=43 (full 3):
 garbage-first heap   total 78848K, used 34340K [0x0000000083400000, 0x0000000100000000)
  region size 1024K, 4 young (4096K), 4 survivors (4096K)
 Metaspace       used 71860K, committed 72384K, reserved 1114112K
  class space    used 8681K, committed 8896K, reserved 1048576K
}

